packages/tracking-native/android/build/intermediates/manifest_merge_blame_file/debug/processDebugManifest/manifest-merger-blame-debug-report.txt
1<?xml version="1.0" encoding="utf-8"?>
2<manifest xmlns:android="http://schemas.android.com/apk/res/android"
3    package="com.backhaul.tracking" >
4
5    <uses-sdk android:minSdkVersion="24" />
5-->INJECTED
5-->INJECTED
6
7    <!--
8    The permissions the capture loop cannot work without.
9
10    ACCESS_BACKGROUND_LOCATION is deliberately *not* here. A foreground
11    service with the `location` type may use the foreground permission while
12    it runs, and asking for the background one triggers Play Store review of a
13    permission this design does not need. See ADR-0002.
14    -->
15    <uses-permission android:name="android.permission.ACCESS_FINE_LOCATION" />
15-->src/main/AndroidManifest.xml:11:3-77
15-->src/main/AndroidManifest.xml:11:20-74
16    <uses-permission android:name="android.permission.ACCESS_COARSE_LOCATION" />
16-->src/main/AndroidManifest.xml:12:3-79
16-->src/main/AndroidManifest.xml:12:20-76
17    <uses-permission android:name="android.permission.FOREGROUND_SERVICE" />
17-->src/main/AndroidManifest.xml:13:3-75
17-->src/main/AndroidManifest.xml:13:20-72
18    <uses-permission android:name="android.permission.FOREGROUND_SERVICE_LOCATION" />
18-->src/main/AndroidManifest.xml:14:3-84
18-->src/main/AndroidManifest.xml:14:20-81
19    <uses-permission android:name="android.permission.POST_NOTIFICATIONS" />
19-->src/main/AndroidManifest.xml:15:3-75
19-->src/main/AndroidManifest.xml:15:20-72
20
21    <!--
22    RECEIVE_BOOT_COMPLETED, because a three-day trip outlives a reboot and a
23    phone that restarts in a lorry park must come back recording rather than
24    waiting for somebody to notice.
25    -->
26    <uses-permission android:name="android.permission.RECEIVE_BOOT_COMPLETED" />
26-->src/main/AndroidManifest.xml:22:3-79
26-->src/main/AndroidManifest.xml:22:20-76
27
28    <application>
28-->src/main/AndroidManifest.xml:24:3-39:17
29        <service
29-->src/main/AndroidManifest.xml:25:5-29:50
30            android:name="com.backhaul.tracking.TrackingService"
30-->src/main/AndroidManifest.xml:26:7-38
31            android:enabled="true"
31-->src/main/AndroidManifest.xml:27:7-29
32            android:exported="false"
32-->src/main/AndroidManifest.xml:28:7-31
33            android:foregroundServiceType="location" />
33-->src/main/AndroidManifest.xml:29:7-47
34
35        <receiver
35-->src/main/AndroidManifest.xml:31:5-38:16
36            android:name="com.backhaul.tracking.BootReceiver"
36-->src/main/AndroidManifest.xml:32:7-35
37            android:enabled="true"
37-->src/main/AndroidManifest.xml:33:7-29
38            android:exported="true" >
38-->src/main/AndroidManifest.xml:34:7-30
39            <intent-filter>
39-->src/main/AndroidManifest.xml:35:7-37:23
40                <action android:name="android.intent.action.BOOT_COMPLETED" />
40-->src/main/AndroidManifest.xml:36:9-71
40-->src/main/AndroidManifest.xml:36:17-68
41            </intent-filter>
42        </receiver>
43    </application>
44
45</manifest>